Using pre-set license
Built from '2021.3/staging' branch; Version is '2021.3.11f1 (0a5ca18544bf) revision 679073'; Using compiler version '192829333'; Build Type 'Release'
OS: 'Windows 11  (10.0.22621) 64bit Core' Language: 'en' Physical Memory: 16147 MB
BatchMode: 1, IsHumanControllingUs: 0, StartBugReporterOnCrash: 0, Is64bit: 1, IsPro: 1

COMMAND LINE ARGUMENTS:
C:\Program Files\Unity\Hub\Editor\2021.3.11f1\Editor\Unity.exe
-adb2
-batchMode
-noUpm
-name
AssetImportWorker1
-projectPath
C:/Users/Matt/Documents/Unity Games/Vignette
-logFile
Logs/AssetImportWorker1.log
-srvPort
61944
Successfully changed project path to: C:/Users/Matt/Documents/Unity Games/Vignette
C:/Users/Matt/Documents/Unity Games/Vignette
[UnityMemory] Configuration Parameters - Can be set up in boot.config
    "memorysetup-bucket-allocator-granularity=16"
    "memorysetup-bucket-allocator-bucket-count=8"
    "memorysetup-bucket-allocator-block-size=33554432"
    "memorysetup-bucket-allocator-block-count=8"
    "memorysetup-main-allocator-block-size=16777216"
    "memorysetup-thread-allocator-block-size=16777216"
    "memorysetup-gfx-main-allocator-block-size=16777216"
    "memorysetup-gfx-thread-allocator-block-size=16777216"
    "memorysetup-cache-allocator-block-size=4194304"
    "memorysetup-typetree-allocator-block-size=2097152"
    "memorysetup-profiler-bucket-allocator-granularity=16"
    "memorysetup-profiler-bucket-allocator-bucket-count=8"
    "memorysetup-profiler-bucket-allocator-block-size=33554432"
    "memorysetup-profiler-bucket-allocator-block-count=8"
    "memorysetup-profiler-allocator-block-size=16777216"
    "memorysetup-profiler-editor-allocator-block-size=1048576"
    "memorysetup-temp-allocator-size-main=16777216"
    "memorysetup-job-temp-allocator-block-size=2097152"
    "memorysetup-job-temp-allocator-block-size-background=1048576"
    "memorysetup-job-temp-allocator-reduction-small-platforms=262144"
    "memorysetup-temp-allocator-size-background-worker=32768"
    "memorysetup-temp-allocator-size-job-worker=262144"
    "memorysetup-temp-allocator-size-preload-manager=33554432"
    "memorysetup-temp-allocator-size-nav-mesh-worker=65536"
    "memorysetup-temp-allocator-size-audio-worker=65536"
    "memorysetup-temp-allocator-size-cloud-worker=32768"
    "memorysetup-temp-allocator-size-gi-baking-worker=262144"
    "memorysetup-temp-allocator-size-gfx=262144"
Refreshing native plugins compatible for Editor in 201.33 ms, found 3 plugins.
Preloading 0 native plugins for Editor in 0.00 ms.
Initialize engine version: 2021.3.11f1 (0a5ca18544bf)
[Subsystems] Discovering subsystems at path C:/Program Files/Unity/Hub/Editor/2021.3.11f1/Editor/Data/Resources/UnitySubsystems
[Subsystems] Discovering subsystems at path C:/Users/Matt/Documents/Unity Games/Vignette/Assets
GfxDevice: creating device client; threaded=0; jobified=0
Direct3D:
    Version:  Direct3D 11.0 [level 11.1]
    Renderer: Intel(R) Iris(R) Plus Graphics (ID=0x8a52)
    Vendor:   Intel
    VRAM:     8073 MB
    Driver:   27.20.100.9664
Initialize mono
Mono path[0] = 'C:/Program Files/Unity/Hub/Editor/2021.3.11f1/Editor/Data/Managed'
Mono path[1] = 'C:/Program Files/Unity/Hub/Editor/2021.3.11f1/Editor/Data/MonoBleedingEdge/lib/mono/unityjit-win32'
Mono config path = 'C:/Program Files/Unity/Hub/Editor/2021.3.11f1/Editor/Data/MonoBleedingEdge/etc'
Using monoOptions --debugger-agent=transport=dt_socket,embedding=1,server=y,suspend=n,address=127.0.0.1:56560
Begin MonoManager ReloadAssembly
Registering precompiled unity dll's ...
Register platform support module: C:/Program Files/Unity/Hub/Editor/2021.3.11f1/Editor/Data/PlaybackEngines/WebGLSupport/UnityEditor.WebGL.Extensions.dll
Register platform support module: C:/Program Files/Unity/Hub/Editor/2021.3.11f1/Editor/Data/PlaybackEngines/WindowsStandaloneSupport/UnityEditor.WindowsStandalone.Extensions.dll
Register platform support module: C:/Program Files/Unity/Hub/Editor/2021.3.11f1/Editor/Data/PlaybackEngines/MetroSupport/UnityEditor.UWP.Extensions.dll
Registered in 0.009662 seconds.
Native extension for UWP target not found
Native extension for WindowsStandalone target not found
Native extension for WebGL target not found
Refreshing native plugins compatible for Editor in 243.91 ms, found 3 plugins.
Preloading 0 native plugins for Editor in 0.00 ms.
Mono: successfully reloaded assembly
- Completed reload, in  1.622 seconds
Domain Reload Profiling:
	ReloadAssembly (1624ms)
		BeginReloadAssembly (155ms)
			ExecutionOrderSort (0ms)
			DisableScriptedObjects (0ms)
			BackupInstance (0ms)
			ReleaseScriptingObjects (0ms)
			CreateAndSetChildDomain (1ms)
		EndReloadAssembly (1239ms)
			LoadAssemblies (152ms)
			RebuildTransferFunctionScriptingTraits (0ms)
			SetupTypeCache (197ms)
			ReleaseScriptCaches (0ms)
			RebuildScriptCaches (61ms)
			SetupLoadedEditorAssemblies (880ms)
				LogAssemblyErrors (0ms)
				InitializePlatformSupportModulesInManaged (22ms)
				SetLoadedEditorAssemblies (1ms)
				RefreshPlugins (244ms)
				BeforeProcessingInitializeOnLoad (2ms)
				ProcessInitializeOnLoadAttributes (494ms)
				ProcessInitializeOnLoadMethodAttributes (117ms)
				AfterProcessingInitializeOnLoad (0ms)
				EditorAssembliesLoaded (0ms)
			ExecutionOrderSort2 (0ms)
			AwakeInstancesAfterBackupRestoration (0ms)
Platform modules already initialized, skipping
Registering precompiled user dll's ...
Registered in 0.016564 seconds.
Begin MonoManager ReloadAssembly
Symbol file LoadedFromMemory doesn't match image C:\Users\Matt\Documents\Unity Games\Vignette\Library\PackageCache\com.unity.visualscripting@1.7.8\Editor\VisualScripting.Core\Dependencies\YamlDotNet\Unity.VisualScripting.YamlDotNet.dll
Symbol file LoadedFromMemory doesn't match image C:\Users\Matt\Documents\Unity Games\Vignette\Library\PackageCache\com.unity.visualscripting@1.7.8\Editor\VisualScripting.Core\Dependencies\DotNetZip\Unity.VisualScripting.IonicZip.dll
Native extension for UWP target not found
Native extension for WindowsStandalone target not found
Native extension for WebGL target not found
Refreshing native plugins compatible for Editor in 236.93 ms, found 3 plugins.
Preloading 0 native plugins for Editor in 0.00 ms.
Mono: successfully reloaded assembly
- Completed reload, in  3.457 seconds
Domain Reload Profiling:
	ReloadAssembly (3458ms)
		BeginReloadAssembly (150ms)
			ExecutionOrderSort (0ms)
			DisableScriptedObjects (8ms)
			BackupInstance (0ms)
			ReleaseScriptingObjects (0ms)
			CreateAndSetChildDomain (25ms)
		EndReloadAssembly (3145ms)
			LoadAssemblies (137ms)
			RebuildTransferFunctionScriptingTraits (0ms)
			SetupTypeCache (867ms)
			ReleaseScriptCaches (1ms)
			RebuildScriptCaches (238ms)
			SetupLoadedEditorAssemblies (1716ms)
				LogAssemblyErrors (0ms)
				InitializePlatformSupportModulesInManaged (16ms)
				SetLoadedEditorAssemblies (1ms)
				RefreshPlugins (237ms)
				BeforeProcessingInitializeOnLoad (211ms)
				ProcessInitializeOnLoadAttributes (978ms)
				ProcessInitializeOnLoadMethodAttributes (258ms)
				AfterProcessingInitializeOnLoad (14ms)
				EditorAssembliesLoaded (0ms)
			ExecutionOrderSort2 (0ms)
			AwakeInstancesAfterBackupRestoration (16ms)
Platform modules already initialized, skipping
========================================================================
Worker process is ready to serve import requests
Launched and connected shader compiler UnityShaderCompiler.exe after 0.10 seconds
Refreshing native plugins compatible for Editor in 2.06 ms, found 3 plugins.
Preloading 0 native plugins for Editor in 0.00 ms.
Unloading 5714 Unused Serialized files (Serialized files now loaded: 0)
Unloading 49 unused Assets / (2.0 MB). Loaded Objects now: 6177.
Memory consumption went from 251.8 MB to 249.8 MB.
Total: 9.512200 ms (FindLiveObjects: 0.594800 ms CreateObjectMapping: 0.398100 ms MarkObjects: 7.568500 ms  DeleteObjects: 0.947900 ms)

AssetImportParameters requested are different than current active one (requested -> active):
  custom:video-decoder-ogg-theora: a1e56fd34408186e4bbccfd4996cb3dc -> 
  custom:container-muxer-webm: aa71ff27fc2769a1b78a27578f13a17b -> 
  custom:container-demuxer-webm: 4f35f7cbe854078d1ac9338744f61a02 -> 
  custom:video-encoder-webm-vp8: eb34c28f22e8b96e1ab97ce403110664 -> 
  custom:video-codec-MediaFoundation-h265: 746d11721c4dcdbdad8f713fa42b33f4 -> 
  custom:audio-encoder-webm-vorbis: bf7c407c2cedff20999df2af8eb42d56 -> 
  custom:framework-win-MediaFoundation: 216162199b28c13a410421893ffa2e32 -> 
  custom:container-demuxer-ogg: 62fdf1f143b41e24485cea50d1cbac27 -> 
  custom:video-decoder-webm-vp8: 9c59270c3fd7afecdb556c50c9e8de78 -> 
  custom:audio-decoder-ogg-vorbis: bf7c407c2cedff20999df2af8eb42d56 -> 
========================================================================
Received Import Request.
  Time since last request: 1244352.296609 seconds.
  path: Assets/Assets-Global/Prefabs/ConversationObject.prefab
  artifactKey: Guid(967dcd517cd7bea469703a02ea05f115) Importer(815301076,1909f56bfc062723c751e8b465ee728b)
Start importing Assets/Assets-Global/Prefabs/ConversationObject.prefab using Guid(967dcd517cd7bea469703a02ea05f115) Importer(815301076,1909f56bfc062723c751e8b465ee728b)  -> (artifact id: 'e9e9c80d4369944f6a55ce2e8ef0737d') in 0.485283 seconds 
========================================================================
Received Import Request.
  Time since last request: 0.000045 seconds.
  path: Assets/Assets-Global/Prefabs/MIssionSet.prefab
  artifactKey: Guid(f2ed0ffbcf7f43b4a83a834f2ad7f3b3) Importer(815301076,1909f56bfc062723c751e8b465ee728b)
Start importing Assets/Assets-Global/Prefabs/MIssionSet.prefab using Guid(f2ed0ffbcf7f43b4a83a834f2ad7f3b3) Importer(815301076,1909f56bfc062723c751e8b465ee728b)  -> (artifact id: '8b7a55eaffd66daa1f48bb5eb3817a39') in 0.164062 seconds 
========================================================================
Received Import Request.
  Time since last request: 0.000065 seconds.
  path: Assets/Assets-Global/Prefabs/ButtonSwitch.prefab
  artifactKey: Guid(a6eb12dbcae1421479e48a5be723d9a1) Importer(815301076,1909f56bfc062723c751e8b465ee728b)
Start importing Assets/Assets-Global/Prefabs/ButtonSwitch.prefab using Guid(a6eb12dbcae1421479e48a5be723d9a1) Importer(815301076,1909f56bfc062723c751e8b465ee728b)  -> (artifact id: '057a74844595651b0e08d7e2c9accbef') in 0.141567 seconds 
========================================================================
Received Import Request.
  Time since last request: 0.000047 seconds.
  path: Assets/Assets-Global/Prefabs/PickUpKey.prefab
  artifactKey: Guid(998284a255107ec4bb2b87dee36ad7f4) Importer(815301076,1909f56bfc062723c751e8b465ee728b)
Start importing Assets/Assets-Global/Prefabs/PickUpKey.prefab using Guid(998284a255107ec4bb2b87dee36ad7f4) Importer(815301076,1909f56bfc062723c751e8b465ee728b)  -> (artifact id: '68247a67e35bc5af2103bb6d1f410456') in 0.160335 seconds 
========================================================================
Received Import Request.
  Time since last request: 0.000051 seconds.
  path: Assets/Assets-Global/Prefabs/LaptopToDecrypt.prefab
  artifactKey: Guid(b56ebf8061dc4a445808e956b9ee4227) Importer(815301076,1909f56bfc062723c751e8b465ee728b)
Start importing Assets/Assets-Global/Prefabs/LaptopToDecrypt.prefab using Guid(b56ebf8061dc4a445808e956b9ee4227) Importer(815301076,1909f56bfc062723c751e8b465ee728b)  -> (artifact id: '37891d4778317ef489953ce73ac83736') in 0.406827 seconds 
========================================================================
Received Import Request.
  Time since last request: 0.000077 seconds.
  path: Assets/Assets-Global/Prefabs/ButtonPush.prefab
  artifactKey: Guid(546cb237c686ca7458ba72fb49e1279d) Importer(815301076,1909f56bfc062723c751e8b465ee728b)
Start importing Assets/Assets-Global/Prefabs/ButtonPush.prefab using Guid(546cb237c686ca7458ba72fb49e1279d) Importer(815301076,1909f56bfc062723c751e8b465ee728b)  -> (artifact id: 'ccebaa5f769950bdabae2df5055f9506') in 0.077836 seconds 
========================================================================
Received Import Request.
  Time since last request: 508.209690 seconds.
  path: Assets/Assets-Global/Prototyping_Pack_Free/Resources/Prefabs/Walls/PTK_Wall_Large_3.prefab
  artifactKey: Guid(a1cac729332a2ab4da9eddbafe267558) Importer(815301076,1909f56bfc062723c751e8b465ee728b)
Start importing Assets/Assets-Global/Prototyping_Pack_Free/Resources/Prefabs/Walls/PTK_Wall_Large_3.prefab using Guid(a1cac729332a2ab4da9eddbafe267558) Importer(815301076,1909f56bfc062723c751e8b465ee728b)  -> (artifact id: '6b6faae2e1d1a67c3d766ba38e8d58ba') in 0.034415 seconds 
